build/app/intermediates/manifest_merge_blame_file/debug/manifest-merger-blame-debug-report.txt
1<?xml version="1.0" encoding="utf-8"?>
2<manifest xmlns:android="http://schemas.android.com/apk/res/android"
3    package="com.giantsol.blue_diary.debug"
4    android:versionCode="13"
5    android:versionName="2.0.2" >
6
7    <uses-sdk
8        android:minSdkVersion="16"
9        android:targetSdkVersion="28" />
10    <!--
11         Flutter needs it to communicate with the running application
12         to allow setting breakpoints, to provide hot reload, etc.
13    -->
14    <uses-permission android:name="android.permission.INTERNET" />
14-->src/main/AndroidManifest.xml:5:5-67
14-->src/main/AndroidManifest.xml:5:22-64
15    <uses-permission android:name="android.permission.VIBRATE" />
15-->src/main/AndroidManifest.xml:4:5-66
15-->src/main/AndroidManifest.xml:4:22-63
16    <uses-permission android:name="android.permission.RECEIVE_BOOT_COMPLETED" />
16-->src/main/AndroidManifest.xml:6:5-80
16-->src/main/AndroidManifest.xml:6:22-78
17    <uses-permission android:name="android.permission.READ_EXTERNAL_STORAGE" />
17-->[:image_picker] AndroidManifest.xml:7:5-80
17-->[:image_picker] AndroidManifest.xml:7:22-77
18    <uses-permission android:name="android.permission.WRITE_EXTERNAL_STORAGE" />
18-->[:image_picker] AndroidManifest.xml:8:5-81
18-->[:image_picker] AndroidManifest.xml:8:22-78
19    <uses-permission android:name="android.permission.ACCESS_NETWORK_STATE" />
19-->[:firebase_analytics] AndroidManifest.xml:7:5-79
19-->[:firebase_analytics] AndroidManifest.xml:7:22-76
20    <uses-permission android:name="android.permission.WAKE_LOCK" /> <!-- Required by older versions of Google Play services to create IID tokens -->
20-->[:firebase_analytics] AndroidManifest.xml:9:5-68
20-->[:firebase_analytics] AndroidManifest.xml:9:22-65
21    <uses-permission android:name="com.google.android.c2dm.permission.RECEIVE" />
21-->[com.google.firebase:firebase-iid:20.0.2] AndroidManifest.xml:26:5-82
21-->[com.google.firebase:firebase-iid:20.0.2] AndroidManifest.xml:26:22-79
22    <uses-permission android:name="com.google.android.finsky.permission.BIND_GET_INSTALL_REFERRER_SERVICE" />
22-->[com.google.android.gms:play-services-measurement:16.5.0] AndroidManifest.xml:26:5-110
22-->[com.google.android.gms:play-services-measurement:16.5.0] AndroidManifest.xml:26:22-107
23    <!--
24 io.flutter.app.FlutterApplication is an android.app.Application that
25         calls FlutterMain.startInitialization(this); in its onCreate method.
26         In most cases you can leave this as-is, but you if you want to provide
27         additional functionality it is fine to subclass or reimplement
28         FlutterApplication and put your custom class here.
29    -->
30    <application
30-->src/main/AndroidManifest.xml:13:5-47:19
31        android:name="lee.hansol.todo_app.App"
31-->src/main/AndroidManifest.xml:14:9-28
32        android:appComponentFactory="androidx.core.app.CoreComponentFactory"
32-->[androidx.core:core:1.1.0] AndroidManifest.xml:24:18-86
33        android:debuggable="true"
34        android:icon="@mipmap/ic_launcher_v2"
34-->src/main/AndroidManifest.xml:16:9-46
35        android:label="@string/app_name" >
35-->src/main/AndroidManifest.xml:15:9-41
36        <activity
36-->src/main/AndroidManifest.xml:17:9-39:20
37            android:name="lee.hansol.todo_app.MainActivity"
37-->src/main/AndroidManifest.xml:18:13-41
38            android:configChanges="orientation|keyboardHidden|keyboard|screenSize|locale|layoutDirection|fontScale|screenLayout|density|uiMode"
38-->src/main/AndroidManifest.xml:21:13-144
39            android:hardwareAccelerated="true"
39-->src/main/AndroidManifest.xml:22:13-47
40            android:launchMode="singleTop"
40-->src/main/AndroidManifest.xml:19:13-43
41            android:theme="@style/LaunchTheme"
41-->src/main/AndroidManifest.xml:20:13-47
42            android:windowSoftInputMode="adjustResize" >
42-->src/main/AndroidManifest.xml:23:13-55
43
44            <!--
45                 This keeps the window background of the activity showing
46                 until Flutter renders its first frame. It can be removed if
47                 there is no splash screen (such as the default splash screen
48                 defined in @style/LaunchTheme).
49            -->
50            <meta-data
50-->src/main/AndroidManifest.xml:28:13-30:40
51                android:name="io.flutter.app.android.SplashScreenUntilFirstFrame"
51-->src/main/AndroidManifest.xml:29:17-82
52                android:value="true" />
52-->src/main/AndroidManifest.xml:30:17-37
53
54            <intent-filter>
54-->src/main/AndroidManifest.xml:31:13-34:29
55                <action android:name="android.intent.action.MAIN" />
55-->src/main/AndroidManifest.xml:32:17-68
55-->src/main/AndroidManifest.xml:32:25-66
56
57                <category android:name="android.intent.category.LAUNCHER" />
57-->src/main/AndroidManifest.xml:33:17-76
57-->src/main/AndroidManifest.xml:33:27-74
58            </intent-filter>
59            <intent-filter>
59-->src/main/AndroidManifest.xml:35:13-38:29
60                <action android:name="FLUTTER_NOTIFICATION_CLICK" />
60-->src/main/AndroidManifest.xml:36:17-69
60-->src/main/AndroidManifest.xml:36:25-66
61
62                <category android:name="android.intent.category.DEFAULT" />
62-->src/main/AndroidManifest.xml:37:17-76
62-->src/main/AndroidManifest.xml:37:27-73
63            </intent-filter>
64        </activity>
65
66        <receiver android:name="com.dexterous.flutterlocalnotifications.ScheduledNotificationBootReceiver" >
66-->src/main/AndroidManifest.xml:41:9-45:20
66-->src/main/AndroidManifest.xml:41:19-107
67            <intent-filter>
67-->src/main/AndroidManifest.xml:42:13-44:29
68                <action android:name="android.intent.action.BOOT_COMPLETED" />
68-->src/main/AndroidManifest.xml:43:17-78
68-->src/main/AndroidManifest.xml:43:25-76
69            </intent-filter>
70        </receiver>
71        <receiver android:name="com.dexterous.flutterlocalnotifications.ScheduledNotificationReceiver" />
71-->src/main/AndroidManifest.xml:46:9-106
71-->src/main/AndroidManifest.xml:46:19-103
72
73        <provider
73-->[:image_picker] AndroidManifest.xml:11:9-19:20
74            android:name="io.flutter.plugins.imagepicker.ImagePickerFileProvider"
74-->[:image_picker] AndroidManifest.xml:12:13-82
75            android:authorities="com.giantsol.blue_diary.debug.flutter.image_provider"
75-->[:image_picker] AndroidManifest.xml:13:13-74
76            android:exported="false"
76-->[:image_picker] AndroidManifest.xml:14:13-37
77            android:grantUriPermissions="true" >
77-->[:image_picker] AndroidManifest.xml:15:13-47
78            <meta-data
78-->[:image_picker] AndroidManifest.xml:16:13-18:75
79                android:name="android.support.FILE_PROVIDER_PATHS"
79-->[:image_picker] AndroidManifest.xml:17:17-67
80                android:resource="@xml/flutter_image_picker_file_paths" />
80-->[:image_picker] AndroidManifest.xml:18:17-72
81        </provider>
82
83        <service
83-->[:cloud_firestore] AndroidManifest.xml:8:9-12:19
84            android:name="com.google.firebase.components.ComponentDiscoveryService"
84-->[:cloud_firestore] AndroidManifest.xml:8:18-89
85            android:directBootAware="true"
85-->[com.google.firebase:firebase-common:19.3.0] AndroidManifest.xml:34:13-43
86            android:exported="false" >
86-->[com.google.firebase:firebase-messaging:20.1.0] AndroidManifest.xml:37:13-37
87            <meta-data
87-->[:cloud_firestore] AndroidManifest.xml:9:13-11:85
88                android:name="com.google.firebase.components:io.flutter.plugins.firebase.cloudfirestore.FlutterFirebaseAppRegistrar"
88-->[:cloud_firestore] AndroidManifest.xml:10:17-133
89                android:value="com.google.firebase.components.ComponentRegistrar" />
89-->[:cloud_firestore] AndroidManifest.xml:11:17-82
90            <meta-data
90-->[:firebase_auth] AndroidManifest.xml:9:13-11:85
91                android:name="com.google.firebase.components:io.flutter.plugins.firebaseauth.FlutterFirebaseAppRegistrar"
91-->[:firebase_auth] AndroidManifest.xml:10:17-122
92                android:value="com.google.firebase.components.ComponentRegistrar" />
92-->[:firebase_auth] AndroidManifest.xml:11:17-82
93            <meta-data
93-->[:cloud_functions] AndroidManifest.xml:9:13-11:85
94                android:name="com.google.firebase.components:io.flutter.plugins.firebase.cloudfunctions.FlutterFirebaseAppRegistrar"
94-->[:cloud_functions] AndroidManifest.xml:10:17-133
95                android:value="com.google.firebase.components.ComponentRegistrar" />
95-->[:cloud_functions] AndroidManifest.xml:11:17-82
96            <meta-data
96-->[:firebase_core] AndroidManifest.xml:9:13-11:85
97                android:name="com.google.firebase.components:io.flutter.plugins.firebase.core.FlutterFirebaseAppRegistrar"
97-->[:firebase_core] AndroidManifest.xml:10:17-123
98                android:value="com.google.firebase.components.ComponentRegistrar" />
98-->[:firebase_core] AndroidManifest.xml:11:17-82
99            <meta-data
99-->[:firebase_messaging] AndroidManifest.xml:14:13-16:85
100                android:name="com.google.firebase.components:io.flutter.plugins.firebasemessaging.FlutterFirebaseAppRegistrar"
100-->[:firebase_messaging] AndroidManifest.xml:15:17-127
101                android:value="com.google.firebase.components.ComponentRegistrar" />
101-->[:firebase_messaging] AndroidManifest.xml:16:17-82
102            <meta-data
102-->[:firebase_analytics] AndroidManifest.xml:13:13-15:85
103                android:name="com.google.firebase.components:io.flutter.plugins.firebaseanalytics.FlutterFirebaseAppRegistrar"
103-->[:firebase_analytics] AndroidManifest.xml:14:17-127
104                android:value="com.google.firebase.components.ComponentRegistrar" />
104-->[:firebase_analytics] AndroidManifest.xml:15:17-82
105            <meta-data
105-->[com.google.firebase:firebase-messaging:20.1.0] AndroidManifest.xml:38:13-40:85
106                android:name="com.google.firebase.components:com.google.firebase.messaging.FirebaseMessagingRegistrar"
106-->[com.google.firebase:firebase-messaging:20.1.0] AndroidManifest.xml:39:17-119
107                android:value="com.google.firebase.components.ComponentRegistrar" />
107-->[com.google.firebase:firebase-messaging:20.1.0] AndroidManifest.xml:40:17-82
108            <meta-data
108-->[com.google.firebase:firebase-datatransport:17.0.3] AndroidManifest.xml:28:13-30:85
109                android:name="com.google.firebase.components:com.google.firebase.datatransport.TransportRegistrar"
109-->[com.google.firebase:firebase-datatransport:17.0.3] AndroidManifest.xml:29:17-115
110                android:value="com.google.firebase.components.ComponentRegistrar" />
110-->[com.google.firebase:firebase-datatransport:17.0.3] AndroidManifest.xml:30:17-82
111            <meta-data
111-->[com.google.firebase:firebase-functions:17.0.0] AndroidManifest.xml:16:13-18:85
112                android:name="com.google.firebase.components:com.google.firebase.functions.FunctionsRegistrar"
112-->[com.google.firebase:firebase-functions:17.0.0] AndroidManifest.xml:17:17-111
113                android:value="com.google.firebase.components.ComponentRegistrar" />
113-->[com.google.firebase:firebase-functions:17.0.0] AndroidManifest.xml:18:17-82
114            <meta-data
114-->[com.google.android.gms:play-services-measurement-api:16.5.0] AndroidManifest.xml:30:13-32:85
115                android:name="com.google.firebase.components:com.google.firebase.analytics.connector.internal.AnalyticsConnectorRegistrar"
115-->[com.google.android.gms:play-services-measurement-api:16.5.0] AndroidManifest.xml:31:17-139
116                android:value="com.google.firebase.components.ComponentRegistrar" />
116-->[com.google.android.gms:play-services-measurement-api:16.5.0] AndroidManifest.xml:32:17-82
117            <meta-data
117-->[com.google.firebase:firebase-iid:20.0.2] AndroidManifest.xml:32:13-34:85
118                android:name="com.google.firebase.components:com.google.firebase.iid.Registrar"
118-->[com.google.firebase:firebase-iid:20.0.2] AndroidManifest.xml:33:17-96
119                android:value="com.google.firebase.components.ComponentRegistrar" />
119-->[com.google.firebase:firebase-iid:20.0.2] AndroidManifest.xml:34:17-82
120            <meta-data
120-->[com.google.firebase:firebase-firestore:21.3.0] AndroidManifest.xml:20:13-22:85
121                android:name="com.google.firebase.components:com.google.firebase.firestore.FirestoreRegistrar"
121-->[com.google.firebase:firebase-firestore:21.3.0] AndroidManifest.xml:21:17-111
122                android:value="com.google.firebase.components.ComponentRegistrar" />
122-->[com.google.firebase:firebase-firestore:21.3.0] AndroidManifest.xml:22:17-82
123            <meta-data
123-->[com.google.firebase:firebase-auth:19.2.0] AndroidManifest.xml:36:13-38:85
124                android:name="com.google.firebase.components:com.google.firebase.auth.FirebaseAuthRegistrar"
124-->[com.google.firebase:firebase-auth:19.2.0] AndroidManifest.xml:37:17-109
125                android:value="com.google.firebase.components.ComponentRegistrar" />
125-->[com.google.firebase:firebase-auth:19.2.0] AndroidManifest.xml:38:17-82
126        </service>
127        <service android:name="io.flutter.plugins.firebasemessaging.FlutterFirebaseMessagingService" >
127-->[:firebase_messaging] AndroidManifest.xml:8:9-12:19
127-->[:firebase_messaging] AndroidManifest.xml:8:18-101
128            <intent-filter>
128-->[:firebase_messaging] AndroidManifest.xml:9:13-11:29
129                <action android:name="com.google.firebase.MESSAGING_EVENT" />
129-->[:firebase_messaging] AndroidManifest.xml:10:17-78
129-->[:firebase_messaging] AndroidManifest.xml:10:25-75
130            </intent-filter>
131        </service>
132        <!--
133             FirebaseMessagingService performs security checks at runtime,
134             but set to not exported to explicitly avoid allowing another app to call it.
135        -->
136        <service
136-->[com.google.firebase:firebase-messaging:20.1.0] AndroidManifest.xml:28:9-34:19
137            android:name="com.google.firebase.messaging.FirebaseMessagingService"
137-->[com.google.firebase:firebase-messaging:20.1.0] AndroidManifest.xml:29:13-82
138            android:exported="false" >
138-->[com.google.firebase:firebase-messaging:20.1.0] AndroidManifest.xml:30:13-37
139            <intent-filter android:priority="-500" >
139-->[:firebase_messaging] AndroidManifest.xml:9:13-11:29
140                <action android:name="com.google.firebase.MESSAGING_EVENT" />
140-->[:firebase_messaging] AndroidManifest.xml:10:17-78
140-->[:firebase_messaging] AndroidManifest.xml:10:25-75
141            </intent-filter>
142        </service>
143
144        <receiver
144-->[com.google.firebase:firebase-iid:20.0.2] AndroidManifest.xml:37:9-44:20
145            android:name="com.google.firebase.iid.FirebaseInstanceIdReceiver"
145-->[com.google.firebase:firebase-iid:20.0.2] AndroidManifest.xml:38:13-78
146            android:exported="true"
146-->[com.google.firebase:firebase-iid:20.0.2] AndroidManifest.xml:39:13-36
147            android:permission="com.google.android.c2dm.permission.SEND" >
147-->[com.google.firebase:firebase-iid:20.0.2] AndroidManifest.xml:40:13-73
148            <intent-filter>
148-->[com.google.firebase:firebase-iid:20.0.2] AndroidManifest.xml:41:13-43:29
149                <action android:name="com.google.android.c2dm.intent.RECEIVE" />
149-->[com.google.firebase:firebase-iid:20.0.2] AndroidManifest.xml:42:17-81
149-->[com.google.firebase:firebase-iid:20.0.2] AndroidManifest.xml:42:25-78
150            </intent-filter>
151        </receiver>
152
153        <activity
153-->[com.google.firebase:firebase-auth:19.2.0] AndroidManifest.xml:24:9-31:50
154            android:name="com.google.firebase.auth.internal.FederatedSignInActivity"
154-->[com.google.firebase:firebase-auth:19.2.0] AndroidManifest.xml:25:13-85
155            android:excludeFromRecents="true"
155-->[com.google.firebase:firebase-auth:19.2.0] AndroidManifest.xml:26:13-46
156            android:exported="true"
156-->[com.google.firebase:firebase-auth:19.2.0] AndroidManifest.xml:27:13-36
157            android:launchMode="singleTask"
157-->[com.google.firebase:firebase-auth:19.2.0] AndroidManifest.xml:28:13-44
158            android:permission="com.google.firebase.auth.api.gms.permission.LAUNCH_FEDERATED_SIGN_IN"
158-->[com.google.firebase:firebase-auth:19.2.0] AndroidManifest.xml:29:13-102
159            android:theme="@android:style/Theme.Translucent.NoTitleBar" />
159-->[com.google.firebase:firebase-auth:19.2.0] AndroidManifest.xml:30:13-72
160
161        <provider
161-->[com.google.firebase:firebase-common:19.3.0] AndroidManifest.xml:26:9-30:39
162            android:name="com.google.firebase.provider.FirebaseInitProvider"
162-->[com.google.firebase:firebase-common:19.3.0] AndroidManifest.xml:27:13-77
163            android:authorities="com.giantsol.blue_diary.debug.firebaseinitprovider"
163-->[com.google.firebase:firebase-common:19.3.0] AndroidManifest.xml:28:13-72
164            android:exported="false"
164-->[com.google.firebase:firebase-common:19.3.0] AndroidManifest.xml:29:13-37
165            android:initOrder="100" />
165-->[com.google.firebase:firebase-common:19.3.0] AndroidManifest.xml:30:13-36
166
167        <activity
167-->[com.google.android.gms:play-services-auth:16.0.1] AndroidManifest.xml:23:9-27:75
168            android:name="com.google.android.gms.auth.api.signin.internal.SignInHubActivity"
168-->[com.google.android.gms:play-services-auth:16.0.1] AndroidManifest.xml:24:13-93
169            android:excludeFromRecents="true"
169-->[com.google.android.gms:play-services-auth:16.0.1] AndroidManifest.xml:25:13-46
170            android:exported="false"
170-->[com.google.android.gms:play-services-auth:16.0.1] AndroidManifest.xml:26:13-37
171            android:theme="@android:style/Theme.Translucent.NoTitleBar" />
171-->[com.google.android.gms:play-services-auth:16.0.1] AndroidManifest.xml:27:13-72
172        <!--
173            Service handling Google Sign-In user revocation. For apps that do not integrate with
174            Google Sign-In, this service will never be started.
175        -->
176        <service
176-->[com.google.android.gms:play-services-auth:16.0.1] AndroidManifest.xml:33:9-36:110
177            android:name="com.google.android.gms.auth.api.signin.RevocationBoundService"
177-->[com.google.android.gms:play-services-auth:16.0.1] AndroidManifest.xml:34:13-89
178            android:exported="true"
178-->[com.google.android.gms:play-services-auth:16.0.1] AndroidManifest.xml:35:13-36
179            android:permission="com.google.android.gms.auth.api.signin.permission.REVOCATION_NOTIFICATION" />
179-->[com.google.android.gms:play-services-auth:16.0.1] AndroidManifest.xml:36:13-107
180
181        <activity
181-->[com.google.android.gms:play-services-base:17.1.0] AndroidManifest.xml:23:9-26:75
182            android:name="com.google.android.gms.common.api.GoogleApiActivity"
182-->[com.google.android.gms:play-services-base:17.1.0] AndroidManifest.xml:24:13-79
183            android:exported="false"
183-->[com.google.android.gms:play-services-base:17.1.0] AndroidManifest.xml:25:13-37
184            android:theme="@android:style/Theme.Translucent.NoTitleBar" />
184-->[com.google.android.gms:play-services-base:17.1.0] AndroidManifest.xml:26:13-72
185
186        <receiver
186-->[com.google.android.gms:play-services-measurement:16.5.0] AndroidManifest.xml:29:9-33:20
187            android:name="com.google.android.gms.measurement.AppMeasurementReceiver"
187-->[com.google.android.gms:play-services-measurement:16.5.0] AndroidManifest.xml:30:13-85
188            android:enabled="true"
188-->[com.google.android.gms:play-services-measurement:16.5.0] AndroidManifest.xml:31:13-35
189            android:exported="false" >
189-->[com.google.android.gms:play-services-measurement:16.5.0] AndroidManifest.xml:32:13-37
190        </receiver>
191        <receiver
191-->[com.google.android.gms:play-services-measurement:16.5.0] AndroidManifest.xml:34:9-42:20
192            android:name="com.google.android.gms.measurement.AppMeasurementInstallReferrerReceiver"
192-->[com.google.android.gms:play-services-measurement:16.5.0] AndroidManifest.xml:35:13-100
193            android:enabled="true"
193-->[com.google.android.gms:play-services-measurement:16.5.0] AndroidManifest.xml:36:13-35
194            android:exported="true"
194-->[com.google.android.gms:play-services-measurement:16.5.0] AndroidManifest.xml:37:13-36
195            android:permission="android.permission.INSTALL_PACKAGES" >
195-->[com.google.android.gms:play-services-measurement:16.5.0] AndroidManifest.xml:38:13-69
196            <intent-filter>
196-->[com.google.android.gms:play-services-measurement:16.5.0] AndroidManifest.xml:39:13-41:29
197                <action android:name="com.android.vending.INSTALL_REFERRER" />
197-->[com.google.android.gms:play-services-measurement:16.5.0] AndroidManifest.xml:40:17-79
197-->[com.google.android.gms:play-services-measurement:16.5.0] AndroidManifest.xml:40:25-76
198            </intent-filter>
199        </receiver>
200
201        <service
201-->[com.google.android.gms:play-services-measurement:16.5.0] AndroidManifest.xml:44:9-47:40
202            android:name="com.google.android.gms.measurement.AppMeasurementService"
202-->[com.google.android.gms:play-services-measurement:16.5.0] AndroidManifest.xml:45:13-84
203            android:enabled="true"
203-->[com.google.android.gms:play-services-measurement:16.5.0] AndroidManifest.xml:46:13-35
204            android:exported="false" />
204-->[com.google.android.gms:play-services-measurement:16.5.0] AndroidManifest.xml:47:13-37
205        <service
205-->[com.google.android.gms:play-services-measurement:16.5.0] AndroidManifest.xml:48:9-52:72
206            android:name="com.google.android.gms.measurement.AppMeasurementJobService"
206-->[com.google.android.gms:play-services-measurement:16.5.0] AndroidManifest.xml:49:13-87
207            android:enabled="true"
207-->[com.google.android.gms:play-services-measurement:16.5.0] AndroidManifest.xml:50:13-35
208            android:exported="false"
208-->[com.google.android.gms:play-services-measurement:16.5.0] AndroidManifest.xml:51:13-37
209            android:permission="android.permission.BIND_JOB_SERVICE" />
209-->[com.google.android.gms:play-services-measurement:16.5.0] AndroidManifest.xml:52:13-69
210
211        <meta-data
211-->[com.google.android.gms:play-services-basement:17.0.0] AndroidManifest.xml:23:9-25:69
212            android:name="com.google.android.gms.version"
212-->[com.google.android.gms:play-services-basement:17.0.0] AndroidManifest.xml:24:13-58
213            android:value="@integer/google_play_services_version" />
213-->[com.google.android.gms:play-services-basement:17.0.0] AndroidManifest.xml:25:13-66
214
215        <service
215-->[com.google.android.datatransport:transport-backend-cct:2.2.0] AndroidManifest.xml:29:9-35:19
216            android:name="com.google.android.datatransport.runtime.backends.TransportBackendDiscovery"
216-->[com.google.android.datatransport:transport-backend-cct:2.2.0] AndroidManifest.xml:30:13-103
217            android:exported="false" >
217-->[com.google.android.datatransport:transport-backend-cct:2.2.0] AndroidManifest.xml:31:13-37
218            <meta-data
218-->[com.google.android.datatransport:transport-backend-cct:2.2.0] AndroidManifest.xml:32:13-34:39
219                android:name="backend:com.google.android.datatransport.cct.CctBackendFactory"
219-->[com.google.android.datatransport:transport-backend-cct:2.2.0] AndroidManifest.xml:33:17-94
220                android:value="cct" />
220-->[com.google.android.datatransport:transport-backend-cct:2.2.0] AndroidManifest.xml:34:17-36
221        </service>
222        <service
222-->[com.google.android.datatransport:transport-runtime:2.2.0] AndroidManifest.xml:26:9-30:19
223            android:name="com.google.android.datatransport.runtime.scheduling.jobscheduling.JobInfoSchedulerService"
223-->[com.google.android.datatransport:transport-runtime:2.2.0] AndroidManifest.xml:27:13-117
224            android:exported="false"
224-->[com.google.android.datatransport:transport-runtime:2.2.0] AndroidManifest.xml:28:13-37
225            android:permission="android.permission.BIND_JOB_SERVICE" >
225-->[com.google.android.datatransport:transport-runtime:2.2.0] AndroidManifest.xml:29:13-69
226        </service>
227
228        <receiver
228-->[com.google.android.datatransport:transport-runtime:2.2.0] AndroidManifest.xml:32:9-34:40
229            android:name="com.google.android.datatransport.runtime.scheduling.jobscheduling.AlarmManagerSchedulerBroadcastReceiver"
229-->[com.google.android.datatransport:transport-runtime:2.2.0] AndroidManifest.xml:33:13-132
230            android:exported="false" />
230-->[com.google.android.datatransport:transport-runtime:2.2.0] AndroidManifest.xml:34:13-37
231    </application>
232
233</manifest>